<?xml version="1.0" encoding="UTF-8"?>
<!-- Generated by org.testng.reporters.JUnitXMLReporter -->
<testsuite ignored="0" hostname="DESKTOP-TQ9MDSJ" failures="0" tests="3" name="Default test" time="10.579" errors="0" timestamp="2023-12-04T10:55:40 IST">
  <testcase classname="Basic.ExecutionIndividually" name="facebook" time="3.25"/>
  <testcase classname="Basic.ExecutionIndividually" name="swiggy" time="3.251"/>
  <testcase classname="Basic.ExecutionIndividually" name="zomato" time="4.036"/>
</testsuite> <!-- Default test -->
