<?xml version="1.0" encoding="UTF-8"?>
<!-- Generated by org.testng.reporters.JUnitXMLReporter -->
<testsuite ignored="4" hostname="DESKTOP-TQ9MDSJ" failures="0" tests="2" name="Test" time="10.876" errors="0" timestamp="2023-12-04T10:55:16 IST">
  <testcase classname="Basic.ExecutionIndividually" name="swiggy" time="6.295"/>
  <testcase classname="Basic.ExecutionIndividually" name="zomato" time="4.544"/>
  <testcase classname="Basic.Test1" name="facebookTest" time="0.0">
    <ignored/>
  </testcase> <!-- facebookTest -->
  <testcase classname="Basic.ExecutionIndividually" name="facebook" time="0.0">
    <ignored/>
  </testcase> <!-- facebook -->
  <testcase classname="Basic.PropertyToJenkins" name="prop" time="0.0">
    <ignored/>
  </testcase> <!-- prop -->
  <testcase classname="Basic.ExcelToJenkins" name="excel" time="0.0">
    <ignored/>
  </testcase> <!-- excel -->
</testsuite> <!-- Test -->
