<?xml version="1.0" encoding="UTF-8"?>
<testng-results ignored="0" total="3" passed="3" failed="0" skipped="0">
  <reporter-output>
  </reporter-output>
  <suite started-at="2023-12-04T10:55:29 IST" name="Default suite" finished-at="2023-12-04T10:55:40 IST" duration-ms="10579">
    <groups>
      <group name="Food">
        <method signature="ExecutionIndividually.swiggy()[pri:0, instance:Basic.ExecutionIndividually@1ffaf86]" name="swiggy" class="Basic.ExecutionIndividually"/>
        <method signature="ExecutionIndividually.zomato()[pri:0, instance:Basic.ExecutionIndividually@1ffaf86]" name="zomato" class="Basic.ExecutionIndividually"/>
      </group> <!-- Food -->
    </groups>
    <test started-at="2023-12-04T10:55:29 IST" name="Default test" finished-at="2023-12-04T10:55:40 IST" duration-ms="10579">
      <class name="Basic.ExecutionIndividually">
        <test-method signature="facebook()[pri:0, instance:Basic.ExecutionIndividually@1ffaf86]" started-at="2023-12-04T10:55:29 IST" name="facebook" finished-at="2023-12-04T10:55:33 IST" duration-ms="3250" status="PASS">
          <reporter-output>
          </reporter-output>
        </test-method> <!-- facebook -->
        <test-method signature="swiggy()[pri:0, instance:Basic.ExecutionIndividually@1ffaf86]" started-at="2023-12-04T10:55:33 IST" name="swiggy" finished-at="2023-12-04T10:55:36 IST" duration-ms="3251" status="PASS">
          <reporter-output>
          </reporter-output>
        </test-method> <!-- swiggy -->
        <test-method signature="zomato()[pri:0, instance:Basic.ExecutionIndividually@1ffaf86]" started-at="2023-12-04T10:55:36 IST" name="zomato" finished-at="2023-12-04T10:55:40 IST" duration-ms="4036" status="PASS">
          <reporter-output>
          </reporter-output>
        </test-method> <!-- zomato -->
      </class> <!-- Basic.ExecutionIndividually -->
    </test> <!-- Default test -->
  </suite> <!-- Default suite -->
</testng-results>
